#
# There is insufficient memory for the Java Runtime Environment to continue.
# Native memory allocation (mmap) failed to map 27262976 bytes for Failed to commit area from 0x000000008e700000 to 0x0000000090100000 of length 27262976.
# Possible reasons:
#   The system is out of physical RAM or swap space
#   The process is running with CompressedOops enabled, and the Java Heap may be blocking the growth of the native heap
# Possible solutions:
#   Reduce memory load on the system
#   Increase physical memory or swap space
#   Check if swap backing store is full
#   Decrease Java heap size (-Xmx/-Xms)
#   Decrease number of Java threads
#   Decrease Java thread stack sizes (-Xss)
#   Set larger code cache with -XX:ReservedCodeCacheSize=
#   JVM is running with Unscaled Compressed Oops mode in which the Java heap is
#     placed in the first 4GB address space. The Java Heap base address is the
#     maximum limit for the native heap growth. Please use -XX:HeapBaseMinAddress
#     to set the Java Heap base and to place the Java Heap above 4GB virtual address.
# This output file may be truncated or incomplete.
#
#  Out of Memory Error (t:/workspace/open/src/hotspot/os/windows/os_windows.cpp:3254), pid=7636, tid=6888
#
# JRE version: Java(TM) SE Runtime Environment (12.0.1+12) (build 12.0.1+12)
# Java VM: Java HotSpot(TM) 64-Bit Server VM (12.0.1+12, mixed mode, sharing, tiered, compressed oops, g1 gc, windows-amd64)
# No core dump will be written. Minidumps are not enabled by default on client versions of Windows
#

---------------  S U M M A R Y ------------

Command Line: -XX:TieredStopAtLevel=1 -Xverify:none -Dspring.output.ansi.enabled=always -Dcom.sun.management.jmxremote -Dspring.jmx.enabled=true -Dspring.liveBeansView.mbeanDomain -Dspring.application.admin.enabled=true -javaagent:D:\IntelliJ IDEA 2019.1.3\lib\idea_rt.jar=3635:D:\IntelliJ IDEA 2019.1.3\bin -Dfile.encoding=UTF-8 com.tensquare.search.SearchApplication

Host: Intel(R) Core(TM) i5-7500 CPU @ 3.40GHz, 4 cores, 7G,  Windows 10 , 64 bit Build 18362 (10.0.18362.329)
Time: Thu Oct 31 15:29:50 2019 ?D1¨²¡À¨º¡Á?¨º¡À?? elapsed time: 13 seconds (0d 0h 0m 13s)

---------------  T H R E A D  ---------------

Current thread (0x000001e7fc78c800):  VMThread "VM Thread" [stack: 0x0000005218700000,0x0000005218800000] [id=6888]

Stack: [0x0000005218700000,0x0000005218800000]
[error occurred during error reporting (printing stack bounds), id 0xc0000005, EXCEPTION_ACCESS_VIOLATION (0xc0000005) at pc=0x000001e7e6060bad]

Native frames: (J=compiled Java code, j=interpreted, Vv=VM code, C=native code)
V  [jvm.dll+0x63948a]
V  [jvm.dll+0x78b31f]
V  [jvm.dll+0x78c9c1]
V  [jvm.dll+0x78cf75]
V  [jvm.dll+0x78cf2b]
V  [jvm.dll+0x638b84]
V  [jvm.dll+0x638f58]
C  [ntdll.dll+0xa11ff]
C  [ntdll.dll+0x6a289]
C  [ntdll.dll+0x9fe6e]
C  0x000001e7e6060bad

VM_Operation (0x00000052183ff8d0): G1Concurrent, mode: safepoint, requested by thread 0x000001e7ddc61800


---------------  P R O C E S S  ---------------

Threads class SMR info:
_java_thread_list=0x000001e780641ef0, length=43, elements={
0x000001e7fcf94800, 0x000001e7fcf97000, 0x000001e7fcfb4000, 0x000001e7fcfb9000,
0x000001e7fcfba000, 0x000001e7fcfbd000, 0x000001e7fc776800, 0x000001e7fd4ab000,
0x000001e7fd4ac000, 0x000001e7fd64c000, 0x000001e7febc0000, 0x000001e7feb61800,
0x000001e7feb07000, 0x000001e7fef4e800, 0x000001e7808dd800, 0x000001e7feb4b000,
0x000001e7feb4b800, 0x000001e7feb4f000, 0x000001e7feb4d800, 0x000001e7feb4e000,
0x000001e7feb4c800, 0x000001e7feb50000, 0x000001e7feb50800, 0x000001e7feb51800,
0x000001e780a22800, 0x000001e780a21000, 0x000001e780a23000, 0x000001e780a1e800,
0x000001e780a24000, 0x000001e780a1f000, 0x000001e780a20000, 0x000001e780a25000,
0x000001e780a21800, 0x000001e780a2b800, 0x000001e780a29800, 0x000001e780a25800,
0x000001e780a2c000, 0x000001e780a2a800, 0x000001e780a26800, 0x000001e780a29000,
0x000001e780a2d000, 0x000001e780a27800, 0x000001e780a28000
}

Java Threads: ( => current thread )
  0x000001e7fcf94800 JavaThread "Reference Handler" daemon [_thread_blocked, id=7376, stack(0x0000005218800000,0x0000005218900000)]
  0x000001e7fcf97000 JavaThread "Finalizer" daemon [_thread_blocked, id=6628, stack(0x0000005218900000,0x0000005218a00000)]
  0x000001e7fcfb4000 JavaThread "Signal Dispatcher" daemon [_thread_blocked, id=8332, stack(0x0000005218a00000,0x0000005218b00000)]
  0x000001e7fcfb9000 JavaThread "Attach Listener" daemon [_thread_blocked, id=6240, stack(0x0000005218b00000,0x0000005218c00000)]
  0x000001e7fcfba000 JavaThread "C1 CompilerThread0" daemon [_thread_blocked, id=2960, stack(0x0000005218c00000,0x0000005218d00000)]
  0x000001e7fcfbd000 JavaThread "Sweeper thread" daemon [_thread_blocked, id=11112, stack(0x0000005218d00000,0x0000005218e00000)]
  0x000001e7fc776800 JavaThread "Common-Cleaner" daemon [_thread_blocked, id=648, stack(0x0000005218e00000,0x0000005218f00000)]
  0x000001e7fd4ab000 JavaThread "Monitor Ctrl-Break" daemon [_thread_in_native, id=8576, stack(0x0000005218f00000,0x0000005219000000)]
  0x000001e7fd4ac000 JavaThread "Service Thread" daemon [_thread_blocked, id=12280, stack(0x0000005219000000,0x0000005219100000)]
  0x000001e7fd64c000 JavaThread "RMI TCP Accept-0" daemon [_thread_in_native, id=9692, stack(0x0000005219100000,0x0000005219200000)]
  0x000001e7febc0000 JavaThread "ContainerBackgroundProcessor[StandardEngine[Tomcat]]" daemon [_thread_blocked, id=1956, stack(0x0000005219900000,0x0000005219a00000)]
  0x000001e7feb61800 JavaThread "container-0" [_thread_blocked, id=5568, stack(0x0000005219a00000,0x0000005219b00000)]
  0x000001e7feb07000 JavaThread "elasticsearch[_client_][[timer]]" daemon [_thread_blocked, id=6180, stack(0x0000005219b00000,0x0000005219c00000)]
  0x000001e7fef4e800 JavaThread "elasticsearch[_client_][scheduler][T#1]" daemon [_thread_blocked, id=5952, stack(0x0000005219c00000,0x0000005219d00000)]
  0x000001e7808dd800 JavaThread "ObjectCleanerThread" daemon [_thread_blocked, id=5036, stack(0x0000005219d00000,0x0000005219e00000)]
  0x000001e7feb4b000 JavaThread "elasticsearch[_client_][transport_client_boss][T#1]" daemon [_thread_blocked, id=6208, stack(0x0000005219e00000,0x0000005219f00000)]
  0x000001e7feb4b800 JavaThread "elasticsearch[_client_][generic][T#1]" daemon [_thread_blocked, id=80, stack(0x000000521a000000,0x000000521a100000)]
  0x000001e7feb4f000 JavaThread "elasticsearch[_client_][transport_client_boss][T#2]" daemon [_thread_blocked, id=7256, stack(0x000000521a100000,0x000000521a200000)]
  0x000001e7feb4d800 JavaThread "elasticsearch[_client_][transport_client_boss][T#3]" daemon [_thread_blocked, id=3204, stack(0x000000521a200000,0x000000521a300000)]
  0x000001e7feb4e000 JavaThread "elasticsearch[_client_][transport_client_boss][T#4]" daemon [_thread_blocked, id=4912, stack(0x000000521a300000,0x000000521a400000)]
  0x000001e7feb4c800 JavaThread "elasticsearch[_client_][transport_client_boss][T#5]" daemon [_thread_blocked, id=8404, stack(0x000000521a400000,0x000000521a500000)]
  0x000001e7feb50000 JavaThread "elasticsearch[_client_][transport_client_boss][T#6]" daemon [_thread_blocked, id=5376, stack(0x000000521a500000,0x000000521a600000)]
  0x000001e7feb50800 JavaThread "elasticsearch[_client_][transport_client_boss][T#7]" daemon [_thread_blocked, id=4796, stack(0x000000521a600000,0x000000521a700000)]
  0x000001e7feb51800 JavaThread "elasticsearch[_client_][transport_client_boss][T#8]" daemon [_thread_in_native, id=11960, stack(0x000000521a700000,0x000000521a800000)]
  0x000001e780a22800 JavaThread "elasticsearch[_client_][generic][T#2]" daemon [_thread_blocked, id=7448, stack(0x000000521a800000,0x000000521a900000)]
  0x000001e780a21000 JavaThread "elasticsearch[_client_][generic][T#3]" daemon [_thread_blocked, id=10268, stack(0x000000521a900000,0x000000521aa00000)]
  0x000001e780a23000 JavaThread "NioBlockingSelector.BlockPoller-1" daemon [_thread_in_native, id=10264, stack(0x000000521aa00000,0x000000521ab00000)]
  0x000001e780a1e800 JavaThread "http-nio-9008-exec-1" daemon [_thread_blocked, id=7172, stack(0x000000521ab00000,0x000000521ac00000)]
  0x000001e780a24000 JavaThread "http-nio-9008-exec-2" daemon [_thread_blocked, id=1208, stack(0x000000521ac00000,0x000000521ad00000)]
  0x000001e780a1f000 JavaThread "http-nio-9008-exec-3" daemon [_thread_blocked, id=6404, stack(0x000000521ad00000,0x000000521ae00000)]
  0x000001e780a20000 JavaThread "http-nio-9008-exec-4" daemon [_thread_blocked, id=2348, stack(0x000000521ae00000,0x000000521af00000)]
  0x000001e780a25000 JavaThread "http-nio-9008-exec-5" daemon [_thread_blocked, id=11940, stack(0x000000521af00000,0x000000521b000000)]
  0x000001e780a21800 JavaThread "http-nio-9008-exec-6" daemon [_thread_blocked, id=992, stack(0x000000521b000000,0x000000521b100000)]
  0x000001e780a2b800 JavaThread "http-nio-9008-exec-7" daemon [_thread_blocked, id=5732, stack(0x000000521b100000,0x000000521b200000)]
  0x000001e780a29800 JavaThread "http-nio-9008-exec-8" daemon [_thread_blocked, id=2132, stack(0x000000521b200000,0x000000521b300000)]
  0x000001e780a25800 JavaThread "http-nio-9008-exec-9" daemon [_thread_blocked, id=8020, stack(0x000000521b300000,0x000000521b400000)]
  0x000001e780a2c000 JavaThread "http-nio-9008-exec-10" daemon [_thread_blocked, id=10384, stack(0x000000521b400000,0x000000521b500000)]
  0x000001e780a2a800 JavaThread "http-nio-9008-ClientPoller-0" daemon [_thread_in_native, id=11084, stack(0x000000521b500000,0x000000521b600000)]
  0x000001e780a26800 JavaThread "http-nio-9008-ClientPoller-1" daemon [_thread_in_native, id=2672, stack(0x000000521b600000,0x000000521b700000)]
  0x000001e780a29000 JavaThread "http-nio-9008-Acceptor-0" daemon [_thread_in_native, id=10252, stack(0x000000521b700000,0x000000521b800000)]
  0x000001e780a2d000 JavaThread "http-nio-9008-AsyncTimeout" daemon [_thread_blocked, id=9452, stack(0x000000521b800000,0x000000521b900000)]
  0x000001e780a27800 JavaThread "DestroyJavaVM" [_thread_blocked, id=6516, stack(0x0000005218100000,0x0000005218200000)]
  0x000001e780a28000 JavaThread "elasticsearch[_client_][generic][T#4]" daemon [_thread_blocked, id=11224, stack(0x000000521b900000,0x000000521ba00000)]

Other Threads:
=>0x000001e7fc78c800 VMThread "VM Thread" [stack: 0x0000005218700000,0x0000005218800000] [id=6888]
  0x000001e7fd656000 WatcherThread [stack: 0x0000005219200000,0x0000005219300000] [id=11832]
  0x000001e7ddc54000 GCTaskThread "GC Thread#0" [stack: 0x0000005218200000,0x0000005218300000] [id=5260]
  0x000001e7fd6a9000 GCTaskThread "GC Thread#1" [stack: 0x0000005219300000,0x0000005219400000] [id=10224]
  0x000001e7fd6a9800 GCTaskThread "GC Thread#2" [stack: 0x0000005219400000,0x0000005219500000] [id=9356]
  0x000001e7fe018800 GCTaskThread "GC Thread#3" [stack: 0x0000005219700000,0x0000005219800000] [id=1436]
  0x000001e7ddc61800 ConcurrentGCThread "G1 Main Marker" [stack: 0x0000005218300000,0x0000005218400000] [id=11452]
  0x000001e7ddc64800 ConcurrentGCThread "G1 Conc#0" [stack: 0x0000005218400000,0x0000005218500000] [id=8196]
  0x000001e7fc60c000 ConcurrentGCThread "G1 Refine#0" [stack: 0x0000005218500000,0x0000005218600000] [id=8440]
  0x000001e7fd243800 ConcurrentGCThread "G1 Refine#1" [stack: 0x0000005219500000,0x0000005219600000] [id=11704]
  0x000001e7fc60e000 ConcurrentGCThread "G1 Young RemSet Sampling" [stack: 0x0000005218600000,0x0000005218700000] [id=4996]

Threads with active compile tasks:

VM state:at safepoint (normal execution)

VM Mutex/Monitor currently owned by a thread:  ([mutex/lock_event])
[0x000001e7ddc13130] Threads_lock - owner thread: 0x000001e7fc78c800
[0x000001e7ddc12950] Heap_lock - owner thread: 0x000001e7ddc61800

Heap address: 0x0000000082000000, size: 2016 MB, Compressed Oops mode: 32-bit
Narrow klass base: 0x0000000800000000, Narrow klass shift: 3
Compressed class space size: 1073741824 Address: 0x00000008011a0000

Heap:
 garbage-first heap   total 230400K, used 135746K [0x0000000082000000, 0x0000000100000000)
  region size 1024K, 4 young (4096K), 3 survivors (3072K)
 Metaspace       used 46526K, capacity 48358K, committed 48616K, reserved 1091584K
  class space    used 6315K, capacity 7101K, committed 7148K, reserved 1048576K
Heap Regions: E=young(eden), S=young(survivor), O=old, HS=humongous(starts), HC=humongous(continues), CS=collection set, F=free, A=archive, TAMS=top-at-mark-start (previous, next)
|   0|0x0000000082000000, 0x0000000082100000, 0x0000000082100000|100%|HS|  |TAMS 0x0000000082100000, 0x0000000082000000| Complete 
|   1|0x0000000082100000, 0x0000000082200000, 0x0000000082200000|100%| O|  |TAMS 0x0000000082200000, 0x0000000082100000| Updating 
|   2|0x0000000082200000, 0x0000000082300000, 0x0000000082300000|100%| O|  |TAMS 0x0000000082300000, 0x0000000082200000| Updating 
|   3|0x0000000082300000, 0x00000000823ffff8, 0x0000000082400000| 99%| O|  |TAMS 0x00000000823ffff8, 0x0000000082300000| Updating 
|   4|0x0000000082400000, 0x0000000082500000, 0x0000000082500000|100%| O|  |TAMS 0x0000000082500000, 0x0000000082400000| Updating 
|   5|0x0000000082500000, 0x0000000082600000, 0x0000000082600000|100%| O|  |TAMS 0x0000000082600000, 0x0000000082500000| Updating 
|   6|0x0000000082600000, 0x0000000082700000, 0x0000000082700000|100%| O|  |TAMS 0x0000000082700000, 0x0000000082600000| Updating 
|   7|0x0000000082700000, 0x0000000082800000, 0x0000000082800000|100%| O|  |TAMS 0x0000000082800000, 0x0000000082700000| Updating 
|   8|0x0000000082800000, 0x0000000082900000, 0x0000000082900000|100%| O|  |TAMS 0x0000000082900000, 0x0000000082800000| Updating 
|   9|0x0000000082900000, 0x0000000082a00000, 0x0000000082a00000|100%| O|  |TAMS 0x0000000082a00000, 0x0000000082900000| Updating 
|  10|0x0000000082a00000, 0x0000000082b00000, 0x0000000082b00000|100%| O|  |TAMS 0x0000000082b00000, 0x0000000082a00000| Updating 
|  11|0x0000000082b00000, 0x0000000082c00000, 0x0000000082c00000|100%| O|  |TAMS 0x0000000082c00000, 0x0000000082b00000| Updating 
|  12|0x0000000082c00000, 0x0000000082d00000, 0x0000000082d00000|100%| O|  |TAMS 0x0000000082d00000, 0x0000000082c00000| Updating 
|  13|0x0000000082d00000, 0x0000000082e00000, 0x0000000082e00000|100%| O|  |TAMS 0x0000000082e00000, 0x0000000082d00000| Updating 
|  14|0x0000000082e00000, 0x0000000082f00000, 0x0000000082f00000|100%| O|  |TAMS 0x0000000082f00000, 0x0000000082e00000| Updating 
|  15|0x0000000082f00000, 0x0000000082f66800, 0x0000000083000000| 40%| O|  |TAMS 0x0000000082f66800, 0x0000000082f00000| Updating 
|  16|0x0000000083000000, 0x0000000083100000, 0x0000000083100000|100%| O|  |TAMS 0x0000000083100000, 0x0000000083000000| Updating 
|  17|0x0000000083100000, 0x0000000083200000, 0x0000000083200000|100%| O|  |TAMS 0x0000000083200000, 0x0000000083100000| Updating 
|  18|0x0000000083200000, 0x0000000083300000, 0x0000000083300000|100%| O|  |TAMS 0x0000000083300000, 0x0000000083200000| Updating 
|  19|0x0000000083300000, 0x0000000083400000, 0x0000000083400000|100%| O|  |TAMS 0x0000000083400000, 0x0000000083300000| Updating 
|  20|0x0000000083400000, 0x0000000083500000, 0x0000000083500000|100%| O|  |TAMS 0x0000000083500000, 0x0000000083400000| Updating 
|  21|0x0000000083500000, 0x0000000083600000, 0x0000000083600000|100%|HS|  |TAMS 0x0000000083600000, 0x0000000083500000| Complete 
|  22|0x0000000083600000, 0x0000000083700000, 0x0000000083700000|100%|HC|  |TAMS 0x0000000083700000, 0x0000000083600000| Complete 
|  23|0x0000000083700000, 0x0000000083800000, 0x0000000083800000|100%|HC|  |TAMS 0x0000000083800000, 0x0000000083700000| Complete 
|  24|0x0000000083800000, 0x0000000083900000, 0x0000000083900000|100%|HC|  |TAMS 0x0000000083900000, 0x0000000083800000| Complete 
|  25|0x0000000083900000, 0x0000000083a00000, 0x0000000083a00000|100%|HC|  |TAMS 0x0000000083a00000, 0x0000000083900000| Complete 
|  26|0x0000000083a00000, 0x0000000083b00000, 0x0000000083b00000|100%|HC|  |TAMS 0x0000000083b00000, 0x0000000083a00000| Complete 
|  27|0x0000000083b00000, 0x0000000083c00000, 0x0000000083c00000|100%|HC|  |TAMS 0x0000000083c00000, 0x0000000083b00000| Complete 
|  28|0x0000000083c00000, 0x0000000083d00000, 0x0000000083d00000|100%|HC|  |TAMS 0x0000000083d00000, 0x0000000083c00000| Complete 
|  29|0x0000000083d00000, 0x0000000083e00000, 0x0000000083e00000|100%|HC|  |TAMS 0x0000000083e00000, 0x0000000083d00000| Complete 
|  30|0x0000000083e00000, 0x0000000083f00000, 0x0000000083f00000|100%|HC|  |TAMS 0x0000000083f00000, 0x0000000083e00000| Complete 
|  31|0x0000000083f00000, 0x0000000084000000, 0x0000000084000000|100%|HC|  |TAMS 0x0000000084000000, 0x0000000083f00000| Complete 
|  32|0x0000000084000000, 0x0000000084100000, 0x0000000084100000|100%|HC|  |TAMS 0x0000000084100000, 0x0000000084000000| Complete 
|  33|0x0000000084100000, 0x0000000084200000, 0x0000000084200000|100%|HC|  |TAMS 0x0000000084200000, 0x0000000084100000| Complete 
|  34|0x0000000084200000, 0x0000000084300000, 0x0000000084300000|100%|HC|  |TAMS 0x0000000084300000, 0x0000000084200000| Complete 
|  35|0x0000000084300000, 0x0000000084400000, 0x0000000084400000|100%|HC|  |TAMS 0x0000000084400000, 0x0000000084300000| Complete 
|  36|0x0000000084400000, 0x0000000084500000, 0x0000000084500000|100%|HC|  |TAMS 0x0000000084500000, 0x0000000084400000| Complete 
|  37|0x0000000084500000, 0x0000000084600000, 0x0000000084600000|100%|HC|  |TAMS 0x0000000084600000, 0x0000000084500000| Complete 
|  38|0x0000000084600000, 0x0000000084700000, 0x0000000084700000|100%| O|  |TAMS 0x0000000084700000, 0x0000000084600000| Updating 
|  39|0x0000000084700000, 0x0000000084800000, 0x0000000084800000|100%| O|  |TAMS 0x0000000084800000, 0x0000000084700000| Updating 
|  40|0x0000000084800000, 0x0000000084900000, 0x0000000084900000|100%| O|  |TAMS 0x0000000084900000, 0x0000000084800000| Updating 
|  41|0x0000000084900000, 0x0000000084a00000, 0x0000000084a00000|100%| O|  |TAMS 0x0000000084a00000, 0x0000000084900000| Updating 
|  42|0x0000000084a00000, 0x0000000084b00000, 0x0000000084b00000|100%| O|  |TAMS 0x0000000084b00000, 0x0000000084a00000| Updating 
|  43|0x0000000084b00000, 0x0000000084c00000, 0x0000000084c00000|100%| O|  |TAMS 0x0000000084c00000, 0x0000000084b00000| Updating 
|  44|0x0000000084c00000, 0x0000000084d00000, 0x0000000084d00000|100%| O|  |TAMS 0x0000000084d00000, 0x0000000084c00000| Updating 
|  45|0x0000000084d00000, 0x0000000084da8a00, 0x0000000084e00000| 65%| O|  |TAMS 0x0000000084da8a00, 0x0000000084d00000| Updating 
|  46|0x0000000084e00000, 0x0000000084e00000, 0x0000000084f00000|  0%| F|  |TAMS 0x0000000084e00000, 0x0000000084e00000| Untracked 
|  47|0x0000000084f00000, 0x0000000084f00000, 0x0000000085000000|  0%| F|  |TAMS 0x0000000084f00000, 0x0000000084f00000| Untracked 
|  48|0x0000000085000000, 0x0000000085000000, 0x0000000085100000|  0%| F|  |TAMS 0x0000000085000000, 0x0000000085000000| Untracked 
|  49|0x0000000085100000, 0x0000000085100000, 0x0000000085200000|  0%| F|  |TAMS 0x0000000085100000, 0x0000000085100000| Untracked 
|  50|0x0000000085200000, 0x0000000085300000, 0x0000000085300000|100%|HS|  |TAMS 0x0000000085300000, 0x0000000085200000| Complete 
|  51|0x0000000085300000, 0x0000000085400000, 0x0000000085400000|100%|HC|  |TAMS 0x0000000085400000, 0x0000000085300000| Complete 
|  52|0x0000000085400000, 0x0000000085500000, 0x0000000085500000|100%|HC|  |TAMS 0x0000000085500000, 0x0000000085400000| Complete 
|  53|0x0000000085500000, 0x0000000085600000, 0x0000000085600000|100%|HC|  |TAMS 0x0000000085600000, 0x0000000085500000| Complete 
|  54|0x0000000085600000, 0x0000000085700000, 0x0000000085700000|100%|HC|  |TAMS 0x0000000085700000, 0x0000000085600000| Complete 
|  55|0x0000000085700000, 0x0000000085800000, 0x0000000085800000|100%|HC|  |TAMS 0x0000000085800000, 0x0000000085700000| Complete 
|  56|0x0000000085800000, 0x0000000085900000, 0x0000000085900000|100%|HC|  |TAMS 0x0000000085900000, 0x0000000085800000| Complete 
|  57|0x0000000085900000, 0x0000000085a00000, 0x0000000085a00000|100%|HC|  |TAMS 0x0000000085a00000, 0x0000000085900000| Complete 
|  58|0x0000000085a00000, 0x0000000085b00000, 0x0000000085b00000|100%|HC|  |TAMS 0x0000000085b00000, 0x0000000085a00000| Complete 
|  59|0x0000000085b00000, 0x0000000085c00000, 0x0000000085c00000|100%|HC|  |TAMS 0x0000000085c00000, 0x0000000085b00000| Complete 
|  60|0x0000000085c00000, 0x0000000085d00000, 0x0000000085d00000|100%|HC|  |TAMS 0x0000000085d00000, 0x0000000085c00000| Complete 
|  61|0x0000000085d00000, 0x0000000085e00000, 0x0000000085e00000|100%|HC|  |TAMS 0x0000000085e00000, 0x0000000085d00000| Complete 
|  62|0x0000000085e00000, 0x0000000085f00000, 0x0000000085f00000|100%|HC|  |TAMS 0x0000000085f00000, 0x0000000085e00000| Complete 
|  63|0x0000000085f00000, 0x0000000086000000, 0x0000000086000000|100%|HC|  |TAMS 0x0000000086000000, 0x0000000085f00000| Complete 
|  64|0x0000000086000000, 0x0000000086100000, 0x0000000086100000|100%|HC|  |TAMS 0x0000000086100000, 0x0000000086000000| Complete 
|  65|0x0000000086100000, 0x0000000086200000, 0x0000000086200000|100%|HC|  |TAMS 0x0000000086200000, 0x0000000086100000| Complete 
|  66|0x0000000086200000, 0x0000000086300000, 0x0000000086300000|100%|HC|  |TAMS 0x0000000086300000, 0x0000000086200000| Complete 
|  67|0x0000000086300000, 0x0000000086400000, 0x0000000086400000|100%|HS|  |TAMS 0x0000000086400000, 0x0000000086300000| Complete 
|  68|0x0000000086400000, 0x0000000086500000, 0x0000000086500000|100%|HC|  |TAMS 0x0000000086500000, 0x0000000086400000| Complete 
|  69|0x0000000086500000, 0x0000000086600000, 0x0000000086600000|100%|HC|  |TAMS 0x0000000086600000, 0x0000000086500000| Complete 
|  70|0x0000000086600000, 0x0000000086700000, 0x0000000086700000|100%|HC|  |TAMS 0x0000000086700000, 0x0000000086600000| Complete 
|  71|0x0000000086700000, 0x0000000086800000, 0x0000000086800000|100%|HC|  |TAMS 0x0000000086800000, 0x0000000086700000| Complete 
|  72|0x0000000086800000, 0x0000000086900000, 0x0000000086900000|100%|HC|  |TAMS 0x0000000086900000, 0x0000000086800000| Complete 
|  73|0x0000000086900000, 0x0000000086a00000, 0x0000000086a00000|100%|HC|  |TAMS 0x0000000086a00000, 0x0000000086900000| Complete 
|  74|0x0000000086a00000, 0x0000000086b00000, 0x0000000086b00000|100%|HC|  |TAMS 0x0000000086b00000, 0x0000000086a00000| Complete 
|  75|0x0000000086b00000, 0x0000000086c00000, 0x0000000086c00000|100%|HC|  |TAMS 0x0000000086c00000, 0x0000000086b00000| Complete 
|  76|0x0000000086c00000, 0x0000000086d00000, 0x0000000086d00000|100%|HC|  |TAMS 0x0000000086d00000, 0x0000000086c00000| Complete 
|  77|0x0000000086d00000, 0x0000000086e00000, 0x0000000086e00000|100%|HC|  |TAMS 0x0000000086e00000, 0x0000000086d00000| Complete 
|  78|0x0000000086e00000, 0x0000000086f00000, 0x0000000086f00000|100%|HC|  |TAMS 0x0000000086f00000, 0x0000000086e00000| Complete 
|  79|0x0000000086f00000, 0x0000000087000000, 0x0000000087000000|100%|HC|  |TAMS 0x0000000087000000, 0x0000000086f00000| Complete 
|  80|0x0000000087000000, 0x0000000087100000, 0x0000000087100000|100%|HC|  |TAMS 0x0000000087100000, 0x0000000087000000| Complete 
|  81|0x0000000087100000, 0x0000000087200000, 0x0000000087200000|100%|HC|  |TAMS 0x0000000087200000, 0x0000000087100000| Complete 
|  82|0x0000000087200000, 0x0000000087300000, 0x0000000087300000|100%|HC|  |TAMS 0x0000000087300000, 0x0000000087200000| Complete 
|  83|0x0000000087300000, 0x0000000087400000, 0x0000000087400000|100%|HC|  |TAMS 0x0000000087400000, 0x0000000087300000| Complete 
|  84|0x0000000087400000, 0x0000000087400000, 0x0000000087500000|  0%| F|  |TAMS 0x0000000087400000, 0x0000000087400000| Untracked 
|  85|0x0000000087500000, 0x0000000087500000, 0x0000000087600000|  0%| F|  |TAMS 0x0000000087500000, 0x0000000087500000| Untracked 
|  86|0x0000000087600000, 0x0000000087600000, 0x0000000087700000|  0%| F|  |TAMS 0x0000000087600000, 0x0000000087600000| Untracked 
|  87|0x0000000087700000, 0x0000000087700000, 0x0000000087800000|  0%| F|  |TAMS 0x0000000087700000, 0x0000000087700000| Untracked 
|  88|0x0000000087800000, 0x0000000087800000, 0x0000000087900000|  0%| F|  |TAMS 0x0000000087800000, 0x0000000087800000| Untracked 
|  89|0x0000000087900000, 0x0000000087900000, 0x0000000087a00000|  0%| F|  |TAMS 0x0000000087900000, 0x0000000087900000| Untracked 
|  90|0x0000000087a00000, 0x0000000087a00000, 0x0000000087b00000|  0%| F|  |TAMS 0x0000000087a00000, 0x0000000087a00000| Untracked 
|  91|0x0000000087b00000, 0x0000000087b00000, 0x0000000087c00000|  0%| F|  |TAMS 0x0000000087b00000, 0x0000000087b00000| Untracked 
|  92|0x0000000087c00000, 0x0000000087c00000, 0x0000000087d00000|  0%| F|  |TAMS 0x0000000087c00000, 0x0000000087c00000| Untracked 
|  93|0x0000000087d00000, 0x0000000087d00000, 0x0000000087e00000|  0%| F|  |TAMS 0x0000000087d00000, 0x0000000087d00000| Untracked 
|  94|0x0000000087e00000, 0x0000000087f00000, 0x0000000087f00000|100%|HS|  |TAMS 0x0000000087f00000, 0x0000000087e00000| Complete 
|  95|0x0000000087f00000, 0x0000000088000000, 0x0000000088000000|100%|HC|  |TAMS 0x0000000088000000, 0x0000000087f00000| Complete 
|  96|0x0000000088000000, 0x0000000088100000, 0x0000000088100000|100%|HC|  |TAMS 0x0000000088100000, 0x0000000088000000| Complete 
|  97|0x0000000088100000, 0x0000000088200000, 0x0000000088200000|100%|HC|  |TAMS 0x0000000088200000, 0x0000000088100000| Complete 
|  98|0x0000000088200000, 0x0000000088300000, 0x0000000088300000|100%|HC|  |TAMS 0x0000000088300000, 0x0000000088200000| Complete 
|  99|0x0000000088300000, 0x0000000088400000, 0x0000000088400000|100%|HC|  |TAMS 0x0000000088400000, 0x0000000088300000| Complete 
| 100|0x0000000088400000, 0x0000000088500000, 0x0000000088500000|100%|HC|  |TAMS 0x0000000088500000, 0x0000000088400000| Complete 
| 101|0x0000000088500000, 0x0000000088600000, 0x0000000088600000|100%|HC|  |TAMS 0x0000000088600000, 0x0000000088500000| Complete 
| 102|0x0000000088600000, 0x0000000088700000, 0x0000000088700000|100%|HC|  |TAMS 0x0000000088700000, 0x0000000088600000| Complete 
| 103|0x0000000088700000, 0x0000000088800000, 0x0000000088800000|100%|HC|  |TAMS 0x0000000088800000, 0x0000000088700000| Complete 
| 104|0x0000000088800000, 0x0000000088900000, 0x0000000088900000|100%|HC|  |TAMS 0x0000000088900000, 0x0000000088800000| Complete 
| 105|0x0000000088900000, 0x0000000088a00000, 0x0000000088a00000|100%|HC|  |TAMS 0x0000000088a00000, 0x0000000088900000| Complete 
| 106|0x0000000088a00000, 0x0000000088b00000, 0x0000000088b00000|100%|HC|  |TAMS 0x0000000088b00000, 0x0000000088a00000| Complete 
| 107|0x0000000088b00000, 0x0000000088c00000, 0x0000000088c00000|100%|HC|  |TAMS 0x0000000088c00000, 0x0000000088b00000| Complete 
| 108|0x0000000088c00000, 0x0000000088d00000, 0x0000000088d00000|100%|HC|  |TAMS 0x0000000088d00000, 0x0000000088c00000| Complete 
| 109|0x0000000088d00000, 0x0000000088e00000, 0x0000000088e00000|100%|HC|  |TAMS 0x0000000088e00000, 0x0000000088d00000| Complete 
| 110|0x0000000088e00000, 0x0000000088f00000, 0x0000000088f00000|100%|HC|  |TAMS 0x0000000088f00000, 0x0000000088e00000| Complete 
| 111|0x0000000088f00000, 0x0000000089000000, 0x0000000089000000|100%|HS|  |TAMS 0x0000000089000000, 0x0000000088f00000| Complete 
| 112|0x0000000089000000, 0x0000000089100000, 0x0000000089100000|100%|HC|  |TAMS 0x0000000089100000, 0x0000000089000000| Complete 
| 113|0x0000000089100000, 0x0000000089200000, 0x0000000089200000|100%|HC|  |TAMS 0x0000000089200000, 0x0000000089100000| Complete 
| 114|0x0000000089200000, 0x0000000089300000, 0x0000000089300000|100%|HC|  |TAMS 0x0000000089300000, 0x0000000089200000| Complete 
| 115|0x0000000089300000, 0x0000000089400000, 0x0000000089400000|100%|HC|  |TAMS 0x0000000089400000, 0x0000000089300000| Complete 
| 116|0x0000000089400000, 0x0000000089500000, 0x0000000089500000|100%|HC|  |TAMS 0x0000000089500000, 0x0000000089400000| Complete 
| 117|0x0000000089500000, 0x0000000089600000, 0x0000000089600000|100%|HC|  |TAMS 0x0000000089600000, 0x0000000089500000| Complete 
| 118|0x0000000089600000, 0x0000000089700000, 0x0000000089700000|100%|HC|  |TAMS 0x0000000089700000, 0x0000000089600000| Complete 
| 119|0x0000000089700000, 0x0000000089800000, 0x0000000089800000|100%|HC|  |TAMS 0x0000000089800000, 0x0000000089700000| Complete 
| 120|0x0000000089800000, 0x0000000089900000, 0x0000000089900000|100%|HC|  |TAMS 0x0000000089900000, 0x0000000089800000| Complete 
| 121|0x0000000089900000, 0x0000000089a00000, 0x0000000089a00000|100%|HC|  |TAMS 0x0000000089a00000, 0x0000000089900000| Complete 
| 122|0x0000000089a00000, 0x0000000089b00000, 0x0000000089b00000|100%|HC|  |TAMS 0x0000000089b00000, 0x0000000089a00000| Complete 
| 123|0x0000000089b00000, 0x0000000089c00000, 0x0000000089c00000|100%|HC|  |TAMS 0x0000000089c00000, 0x0000000089b00000| Complete 
| 124|0x0000000089c00000, 0x0000000089d00000, 0x0000000089d00000|100%|HC|  |TAMS 0x0000000089d00000, 0x0000000089c00000| Complete 
| 125|0x0000000089d00000, 0x0000000089e00000, 0x0000000089e00000|100%|HC|  |TAMS 0x0000000089e00000, 0x0000000089d00000| Complete 
| 126|0x0000000089e00000, 0x0000000089f00000, 0x0000000089f00000|100%|HC|  |TAMS 0x0000000089f00000, 0x0000000089e00000| Complete 
| 127|0x0000000089f00000, 0x000000008a000000, 0x000000008a000000|100%|HC|  |TAMS 0x000000008a000000, 0x0000000089f00000| Complete 
| 128|0x000000008a000000, 0x000000008a100000, 0x000000008a100000|100%|HS|  |TAMS 0x000000008a000000, 0x000000008a000000| Complete 
| 129|0x000000008a100000, 0x000000008a200000, 0x000000008a200000|100%|HC|  |TAMS 0x000000008a100000, 0x000000008a100000| Complete 
| 130|0x000000008a200000, 0x000000008a300000, 0x000000008a300000|100%|HC|  |TAMS 0x000000008a200000, 0x000000008a200000| Complete 
| 131|0x000000008a300000, 0x000000008a400000, 0x000000008a400000|100%|HC|  |TAMS 0x000000008a300000, 0x000000008a300000| Complete 
| 132|0x000000008a400000, 0x000000008a500000, 0x000000008a500000|100%|HC|  |TAMS 0x000000008a400000, 0x000000008a400000| Complete 
| 133|0x000000008a500000, 0x000000008a600000, 0x000000008a600000|100%|HC|  |TAMS 0x000000008a500000, 0x000000008a500000| Complete 
| 134|0x000000008a600000, 0x000000008a700000, 0x000000008a700000|100%|HC|  |TAMS 0x000000008a600000, 0x000000008a600000| Complete 
| 135|0x000000008a700000, 0x000000008a800000, 0x000000008a800000|100%|HC|  |TAMS 0x000000008a700000, 0x000000008a700000| Complete 
| 136|0x000000008a800000, 0x000000008a900000, 0x000000008a900000|100%|HC|  |TAMS 0x000000008a800000, 0x000000008a800000| Complete 
| 137|0x000000008a900000, 0x000000008aa00000, 0x000000008aa00000|100%|HC|  |TAMS 0x000000008a900000, 0x000000008a900000| Complete 
| 138|0x000000008aa00000, 0x000000008ab00000, 0x000000008ab00000|100%|HC|  |TAMS 0x000000008aa00000, 0x000000008aa00000| Complete 
| 139|0x000000008ab00000, 0x000000008ac00000, 0x000000008ac00000|100%|HC|  |TAMS 0x000000008ab00000, 0x000000008ab00000| Complete 
| 140|0x000000008ac00000, 0x000000008ad00000, 0x000000008ad00000|100%|HC|  |TAMS 0x000000008ac00000, 0x000000008ac00000| Complete 
| 141|0x000000008ad00000, 0x000000008ae00000, 0x000000008ae00000|100%|HC|  |TAMS 0x000000008ad00000, 0x000000008ad00000| Complete 
| 142|0x000000008ae00000, 0x000000008af00000, 0x000000008af00000|100%|HC|  |TAMS 0x000000008ae00000, 0x000000008ae00000| Complete 
| 143|0x000000008af00000, 0x000000008b000000, 0x000000008b000000|100%|HC|  |TAMS 0x000000008af00000, 0x000000008af00000| Complete 
| 144|0x000000008b000000, 0x000000008b100000, 0x000000008b100000|100%|HC|  |TAMS 0x000000008b000000, 0x000000008b000000| Complete 
| 145|0x000000008b100000, 0x000000008b100000, 0x000000008b200000|  0%| F|  |TAMS 0x000000008b100000, 0x000000008b100000| Untracked 
| 146|0x000000008b200000, 0x000000008b200000, 0x000000008b300000|  0%| F|  |TAMS 0x000000008b200000, 0x000000008b200000| Untracked 
| 147|0x000000008b300000, 0x000000008b300000, 0x000000008b400000|  0%| F|  |TAMS 0x000000008b300000, 0x000000008b300000| Untracked 
| 148|0x000000008b400000, 0x000000008b400000, 0x000000008b500000|  0%| F|  |TAMS 0x000000008b400000, 0x000000008b400000| Untracked 
| 149|0x000000008b500000, 0x000000008b500000, 0x000000008b600000|  0%| F|  |TAMS 0x000000008b500000, 0x000000008b500000| Untracked 
| 150|0x000000008b600000, 0x000000008b600000, 0x000000008b700000|  0%| F|  |TAMS 0x000000008b600000, 0x000000008b600000| Untracked 
| 151|0x000000008b700000, 0x000000008b700000, 0x000000008b800000|  0%| F|  |TAMS 0x000000008b700000, 0x000000008b700000| Untracked 
| 152|0x000000008b800000, 0x000000008b800000, 0x000000008b900000|  0%| F|  |TAMS 0x000000008b800000, 0x000000008b800000| Untracked 
| 153|0x000000008b900000, 0x000000008b900000, 0x000000008ba00000|  0%| F|  |TAMS 0x000000008b900000, 0x000000008b900000| Untracked 
| 154|0x000000008ba00000, 0x000000008ba00000, 0x000000008bb00000|  0%| F|  |TAMS 0x000000008ba00000, 0x000000008ba00000| Untracked 
| 155|0x000000008bb00000, 0x000000008bb00000, 0x000000008bc00000|  0%| F|  |TAMS 0x000000008bb00000, 0x000000008bb00000| Untracked 
| 156|0x000000008bc00000, 0x000000008bc00000, 0x000000008bd00000|  0%| F|  |TAMS 0x000000008bc00000, 0x000000008bc00000| Untracked 
| 157|0x000000008bd00000, 0x000000008bd00000, 0x000000008be00000|  0%| F|  |TAMS 0x000000008bd00000, 0x000000008bd00000| Untracked 
| 158|0x000000008be00000, 0x000000008be00000, 0x000000008bf00000|  0%| F|  |TAMS 0x000000008be00000, 0x000000008be00000| Untracked 
| 159|0x000000008bf00000, 0x000000008bf00000, 0x000000008c000000|  0%| F|  |TAMS 0x000000008bf00000, 0x000000008bf00000| Untracked 
| 160|0x000000008c000000, 0x000000008c000000, 0x000000008c100000|  0%| F|  |TAMS 0x000000008c000000, 0x000000008c000000| Untracked 
| 161|0x000000008c100000, 0x000000008c100000, 0x000000008c200000|  0%| F|  |TAMS 0x000000008c100000, 0x000000008c100000| Untracked 
| 162|0x000000008c200000, 0x000000008c200000, 0x000000008c300000|  0%| F|  |TAMS 0x000000008c200000, 0x000000008c200000| Untracked 
| 163|0x000000008c300000, 0x000000008c300000, 0x000000008c400000|  0%| F|  |TAMS 0x000000008c300000, 0x000000008c300000| Untracked 
| 164|0x000000008c400000, 0x000000008c400000, 0x000000008c500000|  0%| F|  |TAMS 0x000000008c400000, 0x000000008c400000| Untracked 
| 165|0x000000008c500000, 0x000000008c500000, 0x000000008c600000|  0%| F|  |TAMS 0x000000008c500000, 0x000000008c500000| Untracked 
| 166|0x000000008c600000, 0x000000008c600000, 0x000000008c700000|  0%| F|  |TAMS 0x000000008c600000, 0x000000008c600000| Untracked 
| 167|0x000000008c700000, 0x000000008c700000, 0x000000008c800000|  0%| F|  |TAMS 0x000000008c700000, 0x000000008c700000| Untracked 
| 168|0x000000008c800000, 0x000000008c800000, 0x000000008c900000|  0%| F|  |TAMS 0x000000008c800000, 0x000000008c800000| Untracked 
| 169|0x000000008c900000, 0x000000008c900000, 0x000000008ca00000|  0%| F|  |TAMS 0x000000008c900000, 0x000000008c900000| Untracked 
| 170|0x000000008ca00000, 0x000000008ca00000, 0x000000008cb00000|  0%| F|  |TAMS 0x000000008ca00000, 0x000000008ca00000| Untracked 
| 171|0x000000008cb00000, 0x000000008cb00000, 0x000000008cc00000|  0%| F|  |TAMS 0x000000008cb00000, 0x000000008cb00000| Untracked 
| 172|0x000000008cc00000, 0x000000008cc00000, 0x000000008cd00000|  0%| F|  |TAMS 0x000000008cc00000, 0x000000008cc00000| Untracked 
| 173|0x000000008cd00000, 0x000000008cd00000, 0x000000008ce00000|  0%| F|  |TAMS 0x000000008cd00000, 0x000000008cd00000| Untracked 
| 174|0x000000008ce00000, 0x000000008ce00000, 0x000000008cf00000|  0%| F|  |TAMS 0x000000008ce00000, 0x000000008ce00000| Untracked 
| 175|0x000000008cf00000, 0x000000008cf00000, 0x000000008d000000|  0%| F|  |TAMS 0x000000008cf00000, 0x000000008cf00000| Untracked 
| 176|0x000000008d000000, 0x000000008d000000, 0x000000008d100000|  0%| F|  |TAMS 0x000000008d000000, 0x000000008d000000| Untracked 
| 177|0x000000008d100000, 0x000000008d100000, 0x000000008d200000|  0%| F|  |TAMS 0x000000008d100000, 0x000000008d100000| Untracked 
| 178|0x000000008d200000, 0x000000008d200000, 0x000000008d300000|  0%| F|  |TAMS 0x000000008d200000, 0x000000008d200000| Untracked 
| 179|0x000000008d300000, 0x000000008d300000, 0x000000008d400000|  0%| F|  |TAMS 0x000000008d300000, 0x000000008d300000| Untracked 
| 180|0x000000008d400000, 0x000000008d400000, 0x000000008d500000|  0%| F|  |TAMS 0x000000008d400000, 0x000000008d400000| Untracked 
| 181|0x000000008d500000, 0x000000008d500000, 0x000000008d600000|  0%| F|  |TAMS 0x000000008d500000, 0x000000008d500000| Untracked 
| 182|0x000000008d600000, 0x000000008d600000, 0x000000008d700000|  0%| F|  |TAMS 0x000000008d600000, 0x000000008d600000| Untracked 
| 183|0x000000008d700000, 0x000000008d700000, 0x000000008d800000|  0%| F|  |TAMS 0x000000008d700000, 0x000000008d700000| Untracked 
| 184|0x000000008d800000, 0x000000008d800000, 0x000000008d900000|  0%| F|  |TAMS 0x000000008d800000, 0x000000008d800000| Untracked 
| 185|0x000000008d900000, 0x000000008d900000, 0x000000008da00000|  0%| F|  |TAMS 0x000000008d900000, 0x000000008d900000| Untracked 
| 186|0x000000008da00000, 0x000000008da00000, 0x000000008db00000|  0%| F|  |TAMS 0x000000008da00000, 0x000000008da00000| Untracked 
| 187|0x000000008db00000, 0x000000008db00000, 0x000000008dc00000|  0%| F|  |TAMS 0x000000008db00000, 0x000000008db00000| Untracked 
| 188|0x000000008dc00000, 0x000000008dc00000, 0x000000008dd00000|  0%| F|  |TAMS 0x000000008dc00000, 0x000000008dc00000| Untracked 
| 189|0x000000008dd00000, 0x000000008dd00000, 0x000000008de00000|  0%| F|  |TAMS 0x000000008dd00000, 0x000000008dd00000| Untracked 
| 190|0x000000008de00000, 0x000000008de00000, 0x000000008df00000|  0%| F|  |TAMS 0x000000008de00000, 0x000000008de00000| Untracked 
| 191|0x000000008df00000, 0x000000008df00000, 0x000000008e000000|  0%| F|  |TAMS 0x000000008df00000, 0x000000008df00000| Untracked 
| 192|0x000000008e000000, 0x000000008e000000, 0x000000008e100000|  0%| F|  |TAMS 0x000000008e000000, 0x000000008e000000| Untracked 
| 193|0x000000008e100000, 0x000000008e100000, 0x000000008e200000|  0%| F|  |TAMS 0x000000008e100000, 0x000000008e100000| Untracked 
| 194|0x000000008e200000, 0x000000008e2817b8, 0x000000008e300000| 50%| S|CS|TAMS 0x000000008e200000, 0x000000008e200000| Complete 
| 195|0x000000008e300000, 0x000000008e400000, 0x000000008e400000|100%| S|CS|TAMS 0x000000008e300000, 0x000000008e300000| Complete 
| 196|0x000000008e400000, 0x000000008e500000, 0x000000008e500000|100%| S|CS|TAMS 0x000000008e400000, 0x000000008e400000| Complete 
| 197|0x000000008e500000, 0x000000008e500000, 0x000000008e600000|  0%| F|  |TAMS 0x000000008e500000, 0x000000008e500000| Untracked 
| 198|0x000000008e600000, 0x000000008e6676a0, 0x000000008e700000| 40%| E|  |TAMS 0x000000008e600000, 0x000000008e600000| Complete 

Card table byte_map: [0x000001e7f5a70000,0x000001e7f5e60000] _byte_map_base: 0x000001e7f5660000

Marking Bits (Prev, Next): (CMBitMap*) 0x000001e7ddc55068, (CMBitMap*) 0x000001e7ddc55028
 Prev Bits: [0x000001e7f81d0000, 0x000001e7fa150000)
 Next Bits: [0x000001e7f6250000, 0x000001e7f81d0000)

Polling page: 0x000001e7dc1f0000

Metaspace:

Usage:
  Non-class:     40.29 MB capacity,    39.27 MB ( 97%) used,   841.48 KB (  2%) free+waste,   203.69 KB ( <1%) overhead. 
      Class:      6.93 MB capacity,     6.17 MB ( 89%) used,   669.07 KB (  9%) free+waste,   116.88 KB (  2%) overhead. 
       Both:     47.22 MB capacity,    45.44 MB ( 96%) used,     1.48 MB (  3%) free+waste,   320.56 KB ( <1%) overhead. 

Virtual space:
  Non-class space:       42.00 MB reserved,      40.50 MB ( 96%) committed 
      Class space:        1.00 GB reserved,       6.98 MB ( <1%) committed 
             Both:        1.04 GB reserved,      47.48 MB (  4%) committed 

Chunk freelists:
   Non-Class:  2.38 KB
       Class:  384 bytes
        Both:  2.75 KB

CodeHeap 'non-profiled nmethods': size=238912Kb used=7804Kb max_used=7804Kb free=231107Kb
 bounds [0x000001e7e6710000, 0x000001e7e6eb0000, 0x000001e7f5060000]
CodeHeap 'non-nmethods': size=6848Kb used=1249Kb max_used=1249Kb free=5598Kb
 bounds [0x000001e7e6060000, 0x000001e7e62d0000, 0x000001e7e6710000]
 total_blobs=5082 nmethods=4398 adapters=538
 compilation: enabled
              stopped_count=0, restarted_count=0
 full_count=0

Compilation events (10 events):
Event: 13.311 Thread 0x000001e7fcfba000 4450       1       org.elasticsearch.common.io.stream.BytesStreamOutput::ensureCapacity (58 bytes)
Event: 13.312 Thread 0x000001e7fcfba000 nmethod 4450 0x000001e7e6ead590 code [0x000001e7e6ead7e0, 0x000001e7e6eade90]
Event: 13.312 Thread 0x000001e7fcfba000 4452       1       io.netty.channel.socket.nio.NioSocketChannel::config (5 bytes)
Event: 13.315 Thread 0x000001e7fcfba000 nmethod 4452 0x000001e7e6eae190 code [0x000001e7e6eae340, 0x000001e7e6eae478]
Event: 13.315 Thread 0x000001e7fcfba000 4453       1       io.netty.util.internal.MathUtil::isOutOfBounds (22 bytes)
Event: 13.315 Thread 0x000001e7fcfba000 nmethod 4453 0x000001e7e6eae510 code [0x000001e7e6eae6c0, 0x000001e7e6eae7d8]
Event: 13.315 Thread 0x000001e7fcfba000 4451       1       org.elasticsearch.common.util.BigArrays::grow (31 bytes)
Event: 13.315 Thread 0x000001e7fcfba000 nmethod 4451 0x000001e7e6eae890 code [0x000001e7e6eaea60, 0x000001e7e6eaec50]
Event: 13.321 Thread 0x000001e7fcfba000 4454       1       io.netty.buffer.AbstractByteBuf::maxCapacity (5 bytes)
Event: 13.321 Thread 0x000001e7fcfba000 nmethod 4454 0x000001e7e6eaed90 code [0x000001e7e6eaef40, 0x000001e7e6eaf078]

GC Heap History (10 events):
Event: 4.306 GC heap before
{Heap before GC invocations=17 (full 0):
 garbage-first heap   total 135168K, used 116194K [0x0000000082000000, 0x0000000100000000)
  region size 1024K, 24 young (24576K), 4 survivors (4096K)
 Metaspace       used 44545K, capacity 46287K, committed 46568K, reserved 1089536K
  class space    used 6035K, capacity 6819K, committed 6892K, reserved 1048576K
}
Event: 4.310 GC heap after
{Heap after GC invocations=18 (full 0):
 garbage-first heap   total 135168K, used 97307K [0x0000000082000000, 0x0000000100000000)
  region size 1024K, 3 young (3072K), 3 survivors (3072K)
 Metaspace       used 44545K, capacity 46287K, committed 46568K, reserved 1089536K
  class space    used 6035K, capacity 6819K, committed 6892K, reserved 1048576K
}
Event: 4.409 GC heap before
{Heap before GC invocations=18 (full 0):
 garbage-first heap   total 135168K, used 112667K [0x0000000082000000, 0x0000000100000000)
  region size 1024K, 19 young (19456K), 3 survivors (3072K)
 Metaspace       used 45155K, capacity 46890K, committed 47208K, reserved 1089536K
  class space    used 6119K, capacity 6891K, committed 7020K, reserved 1048576K
}
Event: 4.413 GC heap after
{Heap after GC invocations=19 (full 0):
 garbage-first heap   total 162816K, used 98910K [0x0000000082000000, 0x0000000100000000)
  region size 1024K, 2 young (2048K), 2 survivors (2048K)
 Metaspace       used 45155K, capacity 46890K, committed 47208K, reserved 1089536K
  class space    used 6119K, capacity 6891K, committed 7020K, reserved 1048576K
}
Event: 4.661 GC heap before
{Heap before GC invocations=20 (full 0):
 garbage-first heap   total 176128K, used 125534K [0x0000000082000000, 0x0000000100000000)
  region size 1024K, 28 young (28672K), 2 survivors (2048K)
 Metaspace       used 46209K, capacity 48019K, committed 48360K, reserved 1091584K
  class space    used 6262K, capacity 7053K, committed 7148K, reserved 1048576K
}
Event: 4.664 GC heap after
{Heap after GC invocations=21 (full 0):
 garbage-first heap   total 176128K, used 100264K [0x0000000082000000, 0x0000000100000000)
  region size 1024K, 3 young (3072K), 3 survivors (3072K)
 Metaspace       used 46209K, capacity 48019K, committed 48360K, reserved 1091584K
  class space    used 6262K, capacity 7053K, committed 7148K, reserved 1048576K
}
Event: 8.300 GC heap before
{Heap before GC invocations=21 (full 0):
 garbage-first heap   total 176128K, used 114600K [0x0000000082000000, 0x0000000100000000)
  region size 1024K, 18 young (18432K), 3 survivors (3072K)
 Metaspace       used 46515K, capacity 48288K, committed 48360K, reserved 1091584K
  class space    used 6313K, capacity 7100K, committed 7148K, reserved 1048576K
}
Event: 8.303 GC heap after
{Heap after GC invocations=22 (full 0):
 garbage-first heap   total 176128K, used 100535K [0x0000000082000000, 0x0000000100000000)
  region size 1024K, 3 young (3072K), 3 survivors (3072K)
 Metaspace       used 46515K, capacity 48288K, committed 48360K, reserved 1091584K
  class space    used 6313K, capacity 7100K, committed 7148K, reserved 1048576K
}
Event: 13.312 GC heap before
{Heap before GC invocations=23 (full 0):
 garbage-first heap   total 203776K, used 121015K [0x0000000082000000, 0x0000000100000000)
  region size 1024K, 7 young (7168K), 3 survivors (3072K)
 Metaspace       used 46526K, capacity 48358K, committed 48616K, reserved 1091584K
  class space    used 6315K, capacity 7101K, committed 7148K, reserved 1048576K
}
Event: 13.315 GC heap after
{Heap after GC invocations=24 (full 0):
 garbage-first heap   total 203776K, used 118338K [0x0000000082000000, 0x0000000100000000)
  region size 1024K, 3 young (3072K), 3 survivors (3072K)
 Metaspace       used 46526K, capacity 48358K, committed 48616K, reserved 1091584K
  class space    used 6315K, capacity 7101K, committed 7148K, reserved 1048576K
}

Deoptimization events (0 events):
No events

Classes redefined (0 events):
No events

Internal exceptions (10 events):
Event: 4.689 Thread 0x000001e7ddc16800 Exception <a 'java/lang/ClassNotFoundException'{0x000000008c8da5e0}: org/springframework/context/annotation/ConfigurationClassEnhancer$EnhancedConfigurationCustomizer> (0x000000008c8da5e0) thrown at [t:/workspace/open/src/hotspot/share/classfile/systemDic
Event: 4.692 Thread 0x000001e7ddc16800 Exception <a 'java/lang/ClassNotFoundException'{0x000000008c767718}: org/springframework/boot/web/client/RestTemplateBuilderBeanInfo> (0x000000008c767718) thrown at [t:/workspace/open/src/hotspot/share/classfile/systemDictionary.cpp, line 235]
Event: 4.692 Thread 0x000001e7ddc16800 Exception <a 'java/lang/ClassNotFoundException'{0x000000008c774538}: org/springframework/boot/web/client/RestTemplateBuilderCustomizer> (0x000000008c774538) thrown at [t:/workspace/open/src/hotspot/share/classfile/systemDictionary.cpp, line 235]
Event: 4.693 Thread 0x000001e7ddc16800 Exception <a 'java/lang/ClassNotFoundException'{0x000000008c797030}: java/lang/ObjectCustomizer> (0x000000008c797030) thrown at [t:/workspace/open/src/hotspot/share/classfile/systemDictionary.cpp, line 235]
Event: 4.694 Thread 0x000001e7ddc16800 Exception <a 'java/lang/ClassNotFoundException'{0x000000008c7ac890}: org/springframework/boot/autoconfigure/web/embedded/EmbeddedWebServerFactoryCustomizerAutoConfigurationCustomizer> (0x000000008c7ac890) thrown at [t:/workspace/open/src/hotspot/share/cla
Event: 4.694 Thread 0x000001e7ddc16800 Exception <a 'java/lang/ClassNotFoundException'{0x000000008c7c38d0}: org/springframework/boot/autoconfigure/web/embedded/EmbeddedWebServerFactoryCustomizerAutoConfiguration$$EnhancerBySpringCGLIB$$eed42850Customizer> (0x000000008c7c38d0) thrown at [t:/wor
Event: 4.694 Thread 0x000001e7ddc16800 Exception <a 'java/lang/ClassNotFoundException'{0x000000008c7d9688}: org/springframework/context/annotation/ConfigurationClassEnhancer$EnhancedConfigurationCustomizer> (0x000000008c7d9688) thrown at [t:/workspace/open/src/hotspot/share/classfile/systemDic
Event: 4.695 Thread 0x000001e7ddc16800 Exception <a 'java/lang/ClassNotFoundException'{0x000000008c7ee4f8}: java/lang/ObjectCustomizer> (0x000000008c7ee4f8) thrown at [t:/workspace/open/src/hotspot/share/classfile/systemDictionary.cpp, line 235]
Event: 4.695 Thread 0x000001e7ddc16800 Exception <a 'java/lang/ClassNotFoundException'{0x000000008c601770}: org/springframework/web/multipart/support/StandardServletMultipartResolverCustomizer> (0x000000008c601770) thrown at [t:/workspace/open/src/hotspot/share/classfile/systemDictionary.cpp, 
Event: 4.696 Thread 0x000001e7ddc16800 Exception <a 'java/lang/ClassNotFoundException'{0x000000008c612dc0}: org/springframework/web/multipart/MultipartResolverCustomizer> (0x000000008c612dc0) thrown at [t:/workspace/open/src/hotspot/share/classfile/systemDictionary.cpp, line 235]

Events (10 events):
Event: 13.310 Executing VM operation: RevokeBias done
Event: 13.311 Executing VM operation: BulkRevokeBias
Event: 13.311 Executing VM operation: BulkRevokeBias done
Event: 13.312 Executing VM operation: G1CollectForAllocation
Event: 13.315 Executing VM operation: G1CollectForAllocation done
Event: 13.321 Executing VM operation: RevokeBias
Event: 13.321 Executing VM operation: RevokeBias done
Event: 13.323 Executing VM operation: RevokeBias
Event: 13.323 Executing VM operation: RevokeBias done
Event: 13.346 Executing VM operation: G1Concurrent


Dynamic libraries:
0x00007ff6badc0000 - 0x00007ff6badcf000 	C:\Users\ASUS\Downloads\jdk-12.0.1\bin\java.exe
0x00007ffda3160000 - 0x00007ffda3350000 	C:\WINDOWS\SYSTEM32\ntdll.dll
0x00007ffda1210000 - 0x00007ffda12c2000 	C:\WINDOWS\System32\KERNEL32.DLL
0x00007ffda0de0000 - 0x00007ffda1083000 	C:\WINDOWS\System32\KERNELBASE.dll
0x00007ffda1110000 - 0x00007ffda120a000 	C:\WINDOWS\System32\ucrtbase.dll
0x00007ffd87950000 - 0x00007ffd87968000 	C:\Users\ASUS\Downloads\jdk-12.0.1\bin\jli.dll
0x00007ffda20b0000 - 0x00007ffda2153000 	C:\WINDOWS\System32\ADVAPI32.dll
0x00007ffda1480000 - 0x00007ffda151e000 	C:\WINDOWS\System32\msvcrt.dll
0x00007ffda1580000 - 0x00007ffda1617000 	C:\WINDOWS\System32\sechost.dll
0x00007ffda1a90000 - 0x00007ffda1bb0000 	C:\WINDOWS\System32\RPCRT4.dll
0x00007ffda1d60000 - 0x00007ffda1ef4000 	C:\WINDOWS\System32\USER32.dll
0x00007ffda03f0000 - 0x00007ffda0411000 	C:\WINDOWS\System32\win32u.dll
0x00007ffda1bb0000 - 0x00007ffda1bd6000 	C:\WINDOWS\System32\GDI32.dll
0x00007ffda0c20000 - 0x00007ffda0db4000 	C:\WINDOWS\System32\gdi32full.dll
0x00007ffda0150000 - 0x00007ffda01ee000 	C:\WINDOWS\System32\msvcp_win.dll
0x00007ffd850e0000 - 0x00007ffd850f6000 	C:\Users\ASUS\Downloads\jdk-12.0.1\bin\VCRUNTIME140.dll
0x00007ffd93ab0000 - 0x00007ffd93d35000 	C:\WINDOWS\WinSxS\amd64_microsoft.windows.common-controls_6595b64144ccf1df_6.0.18362.418_none_e6c6b287130d565d\COMCTL32.dll
0x00007ffda2d60000 - 0x00007ffda3096000 	C:\WINDOWS\System32\combase.dll
0x00007ffda1090000 - 0x00007ffda1110000 	C:\WINDOWS\System32\bcryptPrimitives.dll
0x00007ffd92070000 - 0x00007ffd9207a000 	C:\WINDOWS\SYSTEM32\VERSION.dll
0x00007ffda2bb0000 - 0x00007ffda2bde000 	C:\WINDOWS\System32\IMM32.DLL
0x00007ffd9fef0000 - 0x00007ffd9ff1b000 	C:\Program Files\MacType\MacType64.dll
0x00007ffd9fe00000 - 0x00007ffd9fe4f000 	C:\Program Files\MacType\Easyhk64.dll
0x00007ffd9fd00000 - 0x00007ffd9fdfe000 	C:\Program Files\MacType\MacType64.Core.dll
0x00007ffd9c810000 - 0x00007ffd9cdd0000 	C:\WINDOWS\SYSTEM32\d2d1.dll
0x00007ffd9c0a0000 - 0x00007ffd9c39e000 	C:\WINDOWS\SYSTEM32\dwrite.dll
0x00007ffd77520000 - 0x00007ffd775ca000 	C:\Users\ASUS\Downloads\jdk-12.0.1\bin\msvcp140.dll
0x00007ffd64eb0000 - 0x00007ffd65a24000 	C:\Users\ASUS\Downloads\jdk-12.0.1\bin\server\jvm.dll
0x00007ffda2040000 - 0x00007ffda2048000 	C:\WINDOWS\System32\PSAPI.DLL
0x00007ffd9dbe0000 - 0x00007ffd9dbe9000 	C:\WINDOWS\SYSTEM32\WSOCK32.dll
0x00007ffda2160000 - 0x00007ffda21cf000 	C:\WINDOWS\System32\WS2_32.dll
0x00007ffd9dae0000 - 0x00007ffd9db04000 	C:\WINDOWS\SYSTEM32\WINMM.dll
0x00007ffd9dab0000 - 0x00007ffd9dadd000 	C:\WINDOWS\SYSTEM32\WINMMBASE.dll
0x00007ffda0bd0000 - 0x00007ffda0c1a000 	C:\WINDOWS\System32\cfgmgr32.dll
0x00007ffda0060000 - 0x00007ffda0071000 	C:\WINDOWS\System32\kernel.appcore.dll
0x00007ffd82600000 - 0x00007ffd82611000 	C:\Users\ASUS\Downloads\jdk-12.0.1\bin\verify.dll
0x00007ffd91540000 - 0x00007ffd91734000 	C:\WINDOWS\SYSTEM32\DBGHELP.DLL
0x00007ffd90660000 - 0x00007ffd9068a000 	C:\WINDOWS\SYSTEM32\dbgcore.DLL
0x00007ffd81d80000 - 0x00007ffd81da6000 	C:\Users\ASUS\Downloads\jdk-12.0.1\bin\java.dll
0x00007ffd9df50000 - 0x00007ffd9df5e000 	C:\Users\ASUS\Downloads\jdk-12.0.1\bin\instrument.dll
0x00007ffd825e0000 - 0x00007ffd825f7000 	C:\Users\ASUS\Downloads\jdk-12.0.1\bin\zip.dll
0x00007ffd9d6d0000 - 0x00007ffd9d6da000 	C:\Users\ASUS\Downloads\jdk-12.0.1\bin\jimage.dll
0x00007ffda2450000 - 0x00007ffda2b35000 	C:\WINDOWS\System32\SHELL32.dll
0x00007ffda2be0000 - 0x00007ffda2c89000 	C:\WINDOWS\System32\shcore.dll
0x00007ffda0420000 - 0x00007ffda0b9f000 	C:\WINDOWS\System32\windows.storage.dll
0x00007ffda00d0000 - 0x00007ffda00ef000 	C:\WINDOWS\System32\profapi.dll
0x00007ffda0080000 - 0x00007ffda00ca000 	C:\WINDOWS\System32\powrprof.dll
0x00007ffda0030000 - 0x00007ffda0040000 	C:\WINDOWS\System32\UMPDC.dll
0x00007ffda2050000 - 0x00007ffda20a2000 	C:\WINDOWS\System32\shlwapi.dll
0x000001e7ddc80000 - 0x000001e7ddc97000 	C:\WINDOWS\System32\cryptsp.dll
0x00007ffd81d60000 - 0x00007ffd81d79000 	C:\Users\ASUS\Downloads\jdk-12.0.1\bin\net.dll
0x00007ffd93e30000 - 0x00007ffd93f20000 	C:\WINDOWS\SYSTEM32\WINHTTP.dll
0x00007ffd94c00000 - 0x00007ffd94dd6000 	C:\WINDOWS\SYSTEM32\urlmon.dll
0x00007ffd94f00000 - 0x00007ffd951a6000 	C:\WINDOWS\SYSTEM32\iertutil.dll
0x00007ffd9f890000 - 0x00007ffd9f89c000 	C:\WINDOWS\SYSTEM32\CRYPTBASE.DLL
0x00007ffd9f6c0000 - 0x00007ffd9f727000 	C:\WINDOWS\system32\mswsock.dll
0x00007ffd81d40000 - 0x00007ffd81d53000 	C:\Users\ASUS\Downloads\jdk-12.0.1\bin\nio.dll
0x00007ffd90330000 - 0x00007ffd9034a000 	D:\IntelliJ IDEA 2019.1.3\bin\breakgen64.dll
0x00007ffd9f410000 - 0x00007ffd9f4da000 	C:\WINDOWS\SYSTEM32\DNSAPI.dll
0x000001e7ddcc0000 - 0x000001e7ddcc8000 	C:\WINDOWS\System32\NSI.dll
0x00007ffd9f3d0000 - 0x00007ffd9f40a000 	C:\WINDOWS\SYSTEM32\IPHLPAPI.DLL
0x00007ffd93d40000 - 0x00007ffd93d4a000 	C:\Windows\System32\rasadhlp.dll
0x00007ffd96d80000 - 0x00007ffd96df7000 	C:\WINDOWS\System32\fwpuclnt.dll
0x00007ffda0ba0000 - 0x00007ffda0bc6000 	C:\WINDOWS\System32\bcrypt.dll
0x00007ffd95b30000 - 0x00007ffd95b39000 	C:\Users\ASUS\Downloads\jdk-12.0.1\bin\management.dll
0x00007ffd954d0000 - 0x00007ffd954dc000 	C:\Users\ASUS\Downloads\jdk-12.0.1\bin\management_ext.dll
0x00007ffd9f230000 - 0x00007ffd9f263000 	C:\WINDOWS\system32\rsaenh.dll
0x00007ffd9ff20000 - 0x00007ffd9ff45000 	C:\WINDOWS\SYSTEM32\USERENV.dll
0x00007ffd9a2c0000 - 0x00007ffd9a2d6000 	C:\WINDOWS\SYSTEM32\dhcpcsvc6.DLL
0x00007ffd98c10000 - 0x00007ffd98c2c000 	C:\WINDOWS\SYSTEM32\dhcpcsvc.DLL
0x00007ffd8c9f0000 - 0x00007ffd8ca06000 	C:\WINDOWS\system32\napinsp.dll
0x00007ffd8c9d0000 - 0x00007ffd8c9ea000 	C:\WINDOWS\system32\pnrpnsp.dll
0x00007ffd8f180000 - 0x00007ffd8f18e000 	C:\WINDOWS\System32\winrnr.dll
0x00007ffd9da90000 - 0x00007ffd9daac000 	C:\WINDOWS\system32\NLAapi.dll
0x00007ffd8c9b0000 - 0x00007ffd8c9c5000 	C:\WINDOWS\system32\wshbth.dll
0x0000000180000000 - 0x0000000180282000 	C:\Users\ASUS\Downloads\apache-tomcat-7.0.96-windows-x64\apache-tomcat-7.0.96\bin\tcnative-1.dll
0x00007ffda01f0000 - 0x00007ffda0339000 	C:\WINDOWS\System32\CRYPT32.dll
0x00007ffda0040000 - 0x00007ffda0052000 	C:\WINDOWS\System32\MSASN1.dll

dbghelp: loaded successfully - version: 4.0.5 - missing functions: none
symbol engine: initialized successfully - sym options: 0x614 - pdb path: .;C:\Users\ASUS\Downloads\jdk-12.0.1\bin;C:\WINDOWS\SYSTEM32;C:\WINDOWS\WinSxS\amd64_microsoft.windows.common-controls_6595b64144ccf1df_6.0.18362.418_none_e6c6b287130d565d;C:\Program Files\MacType;C:\Users\ASUS\Downloads\jdk-12.0.1\bin\server;D:\IntelliJ IDEA 2019.1.3\bin;C:\Users\ASUS\Downloads\apache-tomcat-7.0.96-windows-x64\apache-tomcat-7.0.96\bin

VM Arguments:
jvm_args: -XX:TieredStopAtLevel=1 -Xverify:none -Dspring.output.ansi.enabled=always -Dcom.sun.management.jmxremote -Dspring.jmx.enabled=true -Dspring.liveBeansView.mbeanDomain -Dspring.application.admin.enabled=true -javaagent:D:\IntelliJ IDEA 2019.1.3\lib\idea_rt.jar=3635:D:\IntelliJ IDEA 2019.1.3\bin -Dfile.encoding=UTF-8 
java_command: com.tensquare.search.SearchApplication
java_class_path (initial): C:\Users\ASUS\Documents\GitHub\tensquare_parent52\tensquare_search\target\classes;C:\Users\ASUS\.m2\repository\com\tensquare\tensquare_common\1.0-SNAPSHOT\tensquare_common-1.0-SNAPSHOT.jar;C:\Users\ASUS\.m2\repository\org\springframework\data\spring-data-elasticsearch\3.0.6.RELEASE\spring-data-elasticsearch-3.0.6.RELEASE.jar;C:\Users\ASUS\.m2\repository\org\springframework\spring-context\5.0.5.RELEASE\spring-context-5.0.5.RELEASE.jar;C:\Users\ASUS\.m2\repository\org\springframework\spring-aop\5.0.5.RELEASE\spring-aop-5.0.5.RELEASE.jar;C:\Users\ASUS\.m2\repository\org\springframework\spring-beans\5.0.5.RELEASE\spring-beans-5.0.5.RELEASE.jar;C:\Users\ASUS\.m2\repository\org\springframework\spring-expression\5.0.5.RELEASE\spring-expression-5.0.5.RELEASE.jar;C:\Users\ASUS\.m2\repository\org\springframework\spring-tx\5.0.5.RELEASE\spring-tx-5.0.5.RELEASE.jar;C:\Users\ASUS\.m2\repository\org\springframework\data\spring-data-commons\2.0.6.RELEASE\spring-data-commons-2.0.6.RELEASE.jar;C:\Users\ASUS\.m2\repository\commons-lang\commons-lang\2.6\commons-lang-2.6.jar;C:\Users\ASUS\.m2\repository\joda-time\joda-time\2.9.9\joda-time-2.9.9.jar;C:\Users\ASUS\.m2\repository\org\elasticsearch\elasticsearch\5.6.8\elasticsearch-5.6.8.jar;C:\Users\ASUS\.m2\repository\org\apache\lucene\lucene-core\6.6.1\lucene-core-6.6.1.jar;C:\Users\ASUS\.m2\repository\org\apache\lucene\lucene-analyzers-common\6.6.1\lucene-analyzers-common-6.6.1.jar;C:\Users\ASUS\.m2\repository\org\apache\lucene\lucene-backward-codecs\6.6.1\lucene-backward-codecs-6.6.1.jar;C:\Users\ASUS\.m2\repository\org\apache\lucene\lucene-grouping\6.6.1\lucene-grouping-6.6.1.jar;C:\Users\ASUS\.m2\repository\org\apache\lucene\lucene-highlighter\6.6.1\lucene-highlighter-6.6.1.jar;C:\Users\ASUS\.m2\repository\org\apache\lucene\lucene-join\6.6.1\lucene-join-6.6.1.jar;C:\Users\ASUS\.m2\repository\org\apache\lucene\lucene-memory\6.6.1\lucene-memory-6.6.1.jar;C:\Users\ASUS\.m2\repository\org\apache\lucene\lucen
Launcher Type: SUN_STANDARD

[Global flags]
     bool BytecodeVerificationLocal                = false                                     {product} {command line}
     bool BytecodeVerificationRemote               = false                                     {product} {command line}
     intx CICompilerCount                          = 3                                         {product} {ergonomic}
     uint ConcGCThreads                            = 1                                         {product} {ergonomic}
     uint G1ConcRefinementThreads                  = 4                                         {product} {ergonomic}
   size_t G1HeapRegionSize                         = 1048576                                   {product} {ergonomic}
    uintx GCDrainStackTargetSize                   = 64                                        {product} {ergonomic}
   size_t InitialHeapSize                          = 132120576                                 {product} {ergonomic}
     bool ManagementServer                         = true                                      {product} {command line}
   size_t MarkStackSize                            = 4194304                                   {product} {ergonomic}
   size_t MaxHeapSize                              = 2113929216                                {product} {ergonomic}
   size_t MaxNewSize                               = 1267728384                                {product} {ergonomic}
   size_t MinHeapDeltaBytes                        = 1048576                                   {product} {ergonomic}
    uintx NonNMethodCodeHeapSize                   = 6973028                                {pd product} {ergonomic}
    uintx NonProfiledCodeHeapSize                  = 244685212                              {pd product} {ergonomic}
    uintx ProfiledCodeHeapSize                     = 0                                      {pd product} {ergonomic}
    uintx ReservedCodeCacheSize                    = 251658240                              {pd product} {ergonomic}
     bool SegmentedCodeCache                       = true                                      {product} {ergonomic}
     intx TieredStopAtLevel                        = 1                                         {product} {command line}
     bool UseCompressedClassPointers               = true                                 {lp64_product} {ergonomic}
     bool UseCompressedOops                        = true                                 {lp64_product} {ergonomic}
     bool UseG1GC                                  = true                                      {product} {ergonomic}
     bool UseLargePagesIndividualAllocation        = false                                  {pd product} {ergonomic}

Logging:
Log output configuration:
 #0: stdout all=warning uptime,level,tags
 #1: stderr all=off uptime,level,tags

Environment Variables:
JAVA_HOME=C:\Users\ASUS\Downloads\jdk-12.0.1
CLASSPATH=C:\Users\ASUS\Downloads\jdk-12.0.1\lib;C:\Users\ASUS\Downloads\jdk-12.0.1\lib\tools.jar
PATH=C:\Program Files (x86)\NetSarang\Xshell 6\;C:\Program Files\Python37\Scripts\;C:\Program Files\Python37\;C:\WINDOWS\system32;C:\WINDOWS;C:\WINDOWS\System32\Wbem;C:\WINDOWS\System32\WindowsPowerShell\v1.0\;D:\Program Files\MATLAB\R2017b\runtime\win64;D:\Program Files\MATLAB\R2017b\bin;C:\WINDOWS\System32\OpenSSH\;C:\Users\ASUS\Downloads\jdk-12.0.1\bin;C:\Program Files\MacType;D:\bin;C:\Users\ASUS\Downloads\apache-tomcat-7.0.96-windows-x64\apache-tomcat-7.0.96\bin;"C:\Program Files\Git\cmd;D:/IntelliJ IDEA 2019.1.3/plugins/maven/lib/maven3\bin£»C:\WINDOWS\system32;";D:\MATLAB\R2017a\runtime\win64;D:\MATLAB\R2017a\bin;C:\Program Files\MongoDB\Server\4.0\bin;C:\Program Files\nodejs\;C:\Program Files\MySQL\MySQL Shell 8.0\bin\;C:\Users\ASUS\AppData\Local\Microsoft\WindowsApps;C:\Users\ASUS\AppData\Local\GitHubDesktop\bin;C:\Users\ASUS\AppData\Roaming\npm
USERNAME=ASUS
OS=Windows_NT
PROCESSOR_IDENTIFIER=Intel64 Family 6 Model 158 Stepping 9, GenuineIntel



---------------  S Y S T E M  ---------------

OS: Windows 10 , 64 bit Build 18362 (10.0.18362.329)

CPU:total 4 (initial active 4) (4 cores per cpu, 1 threads per core) family 6 model 158 stepping 9, cmov, cx8, fxsr, mmx, sse, sse2, sse3, ssse3, sse4.1, sse4.2, popcnt, avx, avx2, aes, clmul, erms, rtm, 3dnowpref, lzcnt, tsc, tscinvbit, bmi1, bmi2, adx, fma

Memory: 4k page, system-wide physical 8060M (1184M free)
TotalPageFile size 8060M (AvailPageFile size 8M)
current process WorkingSet (physical memory assigned to process): 425M, peak: 425M
current process commit charge ("private bytes"): 482M, peak: 508M

vm_info: Java HotSpot(TM) 64-Bit Server VM (12.0.1+12) for windows-amd64 JRE (12.0.1+12), built on Apr  2 2019 14:02:19 by "mach5one" with MS VC++ 15.5 (VS2017)

END.
