#
# There is insufficient memory for the Java Runtime Environment to continue.
# Native memory allocation (mmap) failed to map 132120576 bytes for Failed to commit area from 0x0000000082000000 to 0x0000000089e00000 of length 132120576.
# Possible reasons:
#   The system is out of physical RAM or swap space
#   The process is running with CompressedOops enabled, and the Java Heap may be blocking the growth of the native heap
# Possible solutions:
#   Reduce memory load on the system
#   Increase physical memory or swap space
#   Check if swap backing store is full
#   Decrease Java heap size (-Xmx/-Xms)
#   Decrease number of Java threads
#   Decrease Java thread stack sizes (-Xss)
#   Set larger code cache with -XX:ReservedCodeCacheSize=
# This output file may be truncated or incomplete.
#
#  Out of Memory Error (t:/workspace/open/src/hotspot/os/windows/os_windows.cpp:3254), pid=3280, tid=8092
#
# JRE version:  (12.0.1+12) (build )
# Java VM: Java HotSpot(TM) 64-Bit Server VM (12.0.1+12, mixed mode, aot, sharing, tiered, compressed oops, g1 gc, windows-amd64)
# No core dump will be written. Minidumps are not enabled by default on client versions of Windows
#

---------------  S U M M A R Y ------------

Command Line: -XX:TieredStopAtLevel=1 -Xverify:none -Dspring.output.ansi.enabled=always -Dcom.sun.management.jmxremote -Dspring.jmx.enabled=true -Dspring.liveBeansView.mbeanDomain -Dspring.application.admin.enabled=true -javaagent:D:\IntelliJ IDEA 2019.1.3\lib\idea_rt.jar=7902:D:\IntelliJ IDEA 2019.1.3\bin -Dfile.encoding=UTF-8 com.tensquare.spit.SpitApplication

Host: Intel(R) Core(TM) i5-7500 CPU @ 3.40GHz, 4 cores, 7G,  Windows 10 , 64 bit Build 18362 (10.0.18362.329)
Time: Tue Oct 29 16:03:35 2019 ?D1¨²¡À¨º¡Á?¨º¡À?? elapsed time: 0 seconds (0d 0h 0m 0s)

---------------  T H R E A D  ---------------

Current thread (0x0000029cfa10b000):  JavaThread "Unknown thread" [_thread_in_vm, id=8092, stack(0x000000d6fec00000,0x000000d6fed00000)]

Stack: [0x000000d6fec00000,0x000000d6fed00000]
Native frames: (J=compiled Java code, j=interpreted, Vv=VM code, C=native code)
V  [jvm.dll+0x63948a]
V  [jvm.dll+0x78b31f]
V  [jvm.dll+0x78c9c1]
V  [jvm.dll+0x78d013]
V  [jvm.dll+0x262138]
V  [jvm.dll+0x63698a]
V  [jvm.dll+0x62b505]
V  [jvm.dll+0x31d9bc]
V  [jvm.dll+0x31d7ef]
V  [jvm.dll+0x323526]
V  [jvm.dll+0x370f76]
V  [jvm.dll+0x370750]
V  [jvm.dll+0x2f786a]
V  [jvm.dll+0x2f8af2]
V  [jvm.dll+0x7657b7]
V  [jvm.dll+0x766e95]
V  [jvm.dll+0x37f089]
V  [jvm.dll+0x749b14]
V  [jvm.dll+0x3ee48d]
V  [jvm.dll+0x3f03c1]
C  [jli.dll+0x51cf]
C  [ucrtbase.dll+0x20e72]
C  [KERNEL32.DLL+0x17bd4]
C  [ntdll.dll+0x6ced1]


---------------  P R O C E S S  ---------------

Threads class SMR info:
_java_thread_list=0x00007ffd706c48e8, length=0, elements={
}

Java Threads: ( => current thread )

Other Threads:
  0x0000029cfa147800 GCTaskThread "GC Thread#0" [stack: 0x000000d6fed00000,0x000000d6fee00000] [id=12076]
  0x0000029cfa155000 ConcurrentGCThread "G1 Main Marker" [stack: 0x000000d6fee00000,0x000000d6fef00000] [id=8592]
  0x0000029cfa157000 ConcurrentGCThread "G1 Conc#0" [stack: 0x000000d6fef00000,0x000000d6ff000000] [id=10192]

[error occurred during error reporting (printing all threads), id 0xc0000005, EXCEPTION_ACCESS_VIOLATION (0xc0000005) at pc=0x00007ffd6fef7a37]

VM state:not at safepoint (not fully initialized)

VM Mutex/Monitor currently owned by a thread:  ([mutex/lock_event])
[0x0000029cfa106d30] Heap_lock - owner thread: 0x0000029cfa10b000

Heap address: 0x0000000082000000, size: 2016 MB, Compressed Oops mode: Non-zero based: 0x0000000082000000
Narrow klass base: 0x0000000000000000, Narrow klass shift: 0

GC Heap History (0 events):
No events

Deoptimization events (0 events):
No events

Classes redefined (0 events):
No events

Internal exceptions (0 events):
No events

Events (0 events):
No events


Dynamic libraries:
0x00007ff7d1900000 - 0x00007ff7d190f000 	C:\Users\ASUS\Downloads\jdk-12.0.1\bin\java.exe
0x00007ffda3160000 - 0x00007ffda3350000 	C:\WINDOWS\SYSTEM32\ntdll.dll
0x00007ffda1210000 - 0x00007ffda12c2000 	C:\WINDOWS\System32\KERNEL32.DLL
0x00007ffda0de0000 - 0x00007ffda1083000 	C:\WINDOWS\System32\KERNELBASE.dll
0x00007ffda1110000 - 0x00007ffda120a000 	C:\WINDOWS\System32\ucrtbase.dll
0x00007ffd95320000 - 0x00007ffd95338000 	C:\Users\ASUS\Downloads\jdk-12.0.1\bin\jli.dll
0x00007ffda20b0000 - 0x00007ffda2153000 	C:\WINDOWS\System32\ADVAPI32.dll
0x00007ffda1480000 - 0x00007ffda151e000 	C:\WINDOWS\System32\msvcrt.dll
0x00007ffda1580000 - 0x00007ffda1617000 	C:\WINDOWS\System32\sechost.dll
0x00007ffda1a90000 - 0x00007ffda1bb0000 	C:\WINDOWS\System32\RPCRT4.dll
0x00007ffda1d60000 - 0x00007ffda1ef4000 	C:\WINDOWS\System32\USER32.dll
0x00007ffda03f0000 - 0x00007ffda0411000 	C:\WINDOWS\System32\win32u.dll
0x00007ffda1bb0000 - 0x00007ffda1bd6000 	C:\WINDOWS\System32\GDI32.dll
0x00007ffda0c20000 - 0x00007ffda0db4000 	C:\WINDOWS\System32\gdi32full.dll
0x00007ffda0150000 - 0x00007ffda01ee000 	C:\WINDOWS\System32\msvcp_win.dll
0x00007ffd93ab0000 - 0x00007ffd93d35000 	C:\WINDOWS\WinSxS\amd64_microsoft.windows.common-controls_6595b64144ccf1df_6.0.18362.418_none_e6c6b287130d565d\COMCTL32.dll
0x00007ffda2d60000 - 0x00007ffda3096000 	C:\WINDOWS\System32\combase.dll
0x00007ffda1090000 - 0x00007ffda1110000 	C:\WINDOWS\System32\bcryptPrimitives.dll
0x00007ffd92070000 - 0x00007ffd9207a000 	C:\WINDOWS\SYSTEM32\VERSION.dll
0x00007ffd95300000 - 0x00007ffd95316000 	C:\Users\ASUS\Downloads\jdk-12.0.1\bin\VCRUNTIME140.dll
0x00007ffda2bb0000 - 0x00007ffda2bde000 	C:\WINDOWS\System32\IMM32.DLL
0x00007ffd9fef0000 - 0x00007ffd9ff1b000 	C:\Program Files\MacType\MacType64.dll
0x00007ffd9fe00000 - 0x00007ffd9fe4f000 	C:\Program Files\MacType\Easyhk64.dll
0x00007ffd9fd00000 - 0x00007ffd9fdfe000 	C:\Program Files\MacType\MacType64.Core.dll
0x00007ffd9c810000 - 0x00007ffd9cdd0000 	C:\WINDOWS\SYSTEM32\d2d1.dll
0x00007ffd9c0a0000 - 0x00007ffd9c39e000 	C:\WINDOWS\SYSTEM32\dwrite.dll
0x00007ffd80360000 - 0x00007ffd8040a000 	C:\Users\ASUS\Downloads\jdk-12.0.1\bin\msvcp140.dll
0x00007ffd6fbf0000 - 0x00007ffd70764000 	C:\Users\ASUS\Downloads\jdk-12.0.1\bin\server\jvm.dll
0x00007ffda2040000 - 0x00007ffda2048000 	C:\WINDOWS\System32\PSAPI.DLL
0x00007ffd9db70000 - 0x00007ffd9db79000 	C:\WINDOWS\SYSTEM32\WSOCK32.dll
0x00007ffda2160000 - 0x00007ffda21cf000 	C:\WINDOWS\System32\WS2_32.dll
0x00007ffd9dae0000 - 0x00007ffd9db04000 	C:\WINDOWS\SYSTEM32\WINMM.dll
0x00007ffd9dab0000 - 0x00007ffd9dadd000 	C:\WINDOWS\SYSTEM32\WINMMBASE.dll
0x00007ffda0bd0000 - 0x00007ffda0c1a000 	C:\WINDOWS\System32\cfgmgr32.dll
0x00007ffda0060000 - 0x00007ffda0071000 	C:\WINDOWS\System32\kernel.appcore.dll
0x00007ffd951b0000 - 0x00007ffd951c1000 	C:\Users\ASUS\Downloads\jdk-12.0.1\bin\verify.dll
0x00007ffd91540000 - 0x00007ffd91734000 	C:\WINDOWS\SYSTEM32\DBGHELP.DLL
0x00007ffd90660000 - 0x00007ffd9068a000 	C:\WINDOWS\SYSTEM32\dbgcore.DLL
0x00007ffd84850000 - 0x00007ffd84876000 	C:\Users\ASUS\Downloads\jdk-12.0.1\bin\java.dll
0x00007ffd92820000 - 0x00007ffd9282e000 	C:\Users\ASUS\Downloads\jdk-12.0.1\bin\instrument.dll
0x00007ffd83dd0000 - 0x00007ffd83de7000 	C:\Users\ASUS\Downloads\jdk-12.0.1\bin\zip.dll
0x00007ffd95b70000 - 0x00007ffd95b7a000 	C:\Users\ASUS\Downloads\jdk-12.0.1\bin\jimage.dll

dbghelp: loaded successfully - version: 4.0.5 - missing functions: none
symbol engine: initialized successfully - sym options: 0x614 - pdb path: .;C:\Users\ASUS\Downloads\jdk-12.0.1\bin;C:\WINDOWS\SYSTEM32;C:\WINDOWS\WinSxS\amd64_microsoft.windows.common-controls_6595b64144ccf1df_6.0.18362.418_none_e6c6b287130d565d;C:\Program Files\MacType;C:\Users\ASUS\Downloads\jdk-12.0.1\bin\server

VM Arguments:
jvm_args: -XX:TieredStopAtLevel=1 -Xverify:none -Dspring.output.ansi.enabled=always -Dcom.sun.management.jmxremote -Dspring.jmx.enabled=true -Dspring.liveBeansView.mbeanDomain -Dspring.application.admin.enabled=true -javaagent:D:\IntelliJ IDEA 2019.1.3\lib\idea_rt.jar=7902:D:\IntelliJ IDEA 2019.1.3\bin -Dfile.encoding=UTF-8 
java_command: com.tensquare.spit.SpitApplication
java_class_path (initial): C:\Users\ASUS\Documents\GitHub\tensquare_parent52\tensquare_spit\target\classes;C:\Users\ASUS\.m2\repository\com\tensquare\tensquare_common\1.0-SNAPSHOT\tensquare_common-1.0-SNAPSHOT.jar;C:\Users\ASUS\.m2\repository\org\springframework\boot\spring-boot-starter-data-mongodb\2.0.1.RELEASE\spring-boot-starter-data-mongodb-2.0.1.RELEASE.jar;C:\Users\ASUS\.m2\repository\org\springframework\boot\spring-boot-starter\2.0.1.RELEASE\spring-boot-starter-2.0.1.RELEASE.jar;C:\Users\ASUS\.m2\repository\org\springframework\boot\spring-boot\2.0.1.RELEASE\spring-boot-2.0.1.RELEASE.jar;C:\Users\ASUS\.m2\repository\org\springframework\boot\spring-boot-autoconfigure\2.0.1.RELEASE\spring-boot-autoconfigure-2.0.1.RELEASE.jar;C:\Users\ASUS\.m2\repository\org\springframework\boot\spring-boot-starter-logging\2.0.1.RELEASE\spring-boot-starter-logging-2.0.1.RELEASE.jar;C:\Users\ASUS\.m2\repository\ch\qos\logback\logback-classic\1.2.3\logback-classic-1.2.3.jar;C:\Users\ASUS\.m2\repository\ch\qos\logback\logback-core\1.2.3\logback-core-1.2.3.jar;C:\Users\ASUS\.m2\repository\org\apache\logging\log4j\log4j-to-slf4j\2.10.0\log4j-to-slf4j-2.10.0.jar;C:\Users\ASUS\.m2\repository\org\apache\logging\log4j\log4j-api\2.10.0\log4j-api-2.10.0.jar;C:\Users\ASUS\.m2\repository\org\slf4j\jul-to-slf4j\1.7.25\jul-to-slf4j-1.7.25.jar;C:\Users\ASUS\.m2\repository\javax\annotation\javax.annotation-api\1.3.2\javax.annotation-api-1.3.2.jar;C:\Users\ASUS\.m2\repository\org\yaml\snakeyaml\1.19\snakeyaml-1.19.jar;C:\Users\ASUS\.m2\repository\org\mongodb\mongodb-driver\3.6.3\mongodb-driver-3.6.3.jar;C:\Users\ASUS\.m2\repository\org\mongodb\bson\3.6.3\bson-3.6.3.jar;C:\Users\ASUS\.m2\repository\org\mongodb\mongodb-driver-core\3.6.3\mongodb-driver-core-3.6.3.jar;C:\Users\ASUS\.m2\repository\org\springframework\data\spring-data-mongodb\2.0.6.RELEASE\spring-data-mongodb-2.0.6.RELEASE.jar;C:\Users\ASUS\.m2\repository\org\springframework\spring-tx\5.0.5.RELEASE\spring-tx-5.0.5.RELEASE.jar;C:\User
Launcher Type: SUN_STANDARD

[Global flags]
     bool BytecodeVerificationLocal                = false                                     {product} {command line}
     bool BytecodeVerificationRemote               = false                                     {product} {command line}
     intx CICompilerCount                          = 3                                         {product} {ergonomic}
     uint ConcGCThreads                            = 1                                         {product} {ergonomic}
     uint G1ConcRefinementThreads                  = 4                                         {product} {ergonomic}
   size_t G1HeapRegionSize                         = 1048576                                   {product} {ergonomic}
    uintx GCDrainStackTargetSize                   = 64                                        {product} {ergonomic}
   size_t InitialHeapSize                          = 132120576                                 {product} {ergonomic}
     bool ManagementServer                         = true                                      {product} {command line}
   size_t MarkStackSize                            = 4194304                                   {product} {ergonomic}
   size_t MaxHeapSize                              = 2113929216                                {product} {ergonomic}
   size_t MinHeapDeltaBytes                        = 1048576                                   {product} {ergonomic}
    uintx NonNMethodCodeHeapSize                   = 6973028                                {pd product} {ergonomic}
    uintx NonProfiledCodeHeapSize                  = 244685212                              {pd product} {ergonomic}
    uintx ProfiledCodeHeapSize                     = 0                                      {pd product} {ergonomic}
    uintx ReservedCodeCacheSize                    = 251658240                              {pd product} {ergonomic}
     bool SegmentedCodeCache                       = true                                      {product} {ergonomic}
     intx TieredStopAtLevel                        = 1                                         {product} {command line}
     bool UseCompressedClassPointers               = true                                 {lp64_product} {ergonomic}
     bool UseCompressedOops                        = true                                 {lp64_product} {ergonomic}
     bool UseG1GC                                  = true                                      {product} {ergonomic}
     bool UseLargePagesIndividualAllocation        = false                                  {pd product} {ergonomic}

Logging:
Log output configuration:
 #0: stdout all=warning uptime,level,tags
 #1: stderr all=off uptime,level,tags

Environment Variables:
JAVA_HOME=C:\Users\ASUS\Downloads\jdk-12.0.1
CLASSPATH=C:\Users\ASUS\Downloads\jdk-12.0.1\lib;C:\Users\ASUS\Downloads\jdk-12.0.1\lib\tools.jar
PATH=C:\Program Files (x86)\NetSarang\Xshell 6\;C:\Program Files\Python37\Scripts\;C:\Program Files\Python37\;C:\WINDOWS\system32;C:\WINDOWS;C:\WINDOWS\System32\Wbem;C:\WINDOWS\System32\WindowsPowerShell\v1.0\;D:\Program Files\MATLAB\R2017b\runtime\win64;D:\Program Files\MATLAB\R2017b\bin;C:\WINDOWS\System32\OpenSSH\;C:\Users\ASUS\Downloads\jdk-12.0.1\bin;C:\Program Files\MacType;D:\bin;C:\Users\ASUS\Downloads\apache-tomcat-7.0.96-windows-x64\apache-tomcat-7.0.96\bin;"C:\Program Files\Git\cmd;D:/IntelliJ IDEA 2019.1.3/plugins/maven/lib/maven3\bin£»C:\WINDOWS\system32;";D:\MATLAB\R2017a\runtime\win64;D:\MATLAB\R2017a\bin;C:\Program Files\MongoDB\Server\4.0\bin;C:\Program Files\MySQL\MySQL Shell 8.0\bin\;C:\Users\ASUS\AppData\Local\Microsoft\WindowsApps;C:\Users\ASUS\AppData\Local\GitHubDesktop\bin
USERNAME=ASUS
OS=Windows_NT
PROCESSOR_IDENTIFIER=Intel64 Family 6 Model 158 Stepping 9, GenuineIntel



---------------  S Y S T E M  ---------------

OS: Windows 10 , 64 bit Build 18362 (10.0.18362.329)

CPU:total 4 (initial active 4) (4 cores per cpu, 1 threads per core) family 6 model 158 stepping 9, cmov, cx8, fxsr, mmx, sse, sse2, sse3, ssse3, sse4.1, sse4.2, popcnt, avx, avx2, aes, clmul, erms, rtm, 3dnowpref, lzcnt, tsc, tscinvbit, bmi1, bmi2, adx, fma

Memory: 4k page, system-wide physical 8060M (1154M free)
TotalPageFile size 8060M (AvailPageFile size 266M)
current process WorkingSet (physical memory assigned to process): 11M, peak: 11M
current process commit charge ("private bytes"): 50M, peak: 176M

vm_info: Java HotSpot(TM) 64-Bit Server VM (12.0.1+12) for windows-amd64 JRE (12.0.1+12), built on Apr  2 2019 14:02:19 by "mach5one" with MS VC++ 15.5 (VS2017)

END.
